<?xml version="1.0" encoding="UTF-8"?>
<!-- Generated by org.testng.reporters.JUnitXMLReporter -->
<testsuite ignored="0" hostname="LTIN717796" failures="0" tests="3" name="Default test" time="44.817" errors="0" timestamp="2026-04-21T14:14:58 IST">
  <testcase classname="test.TestMain" name="testNavigation" time="18.229"/>
  <testcase classname="test.TestMain" name="testBanner" time="1.292"/>
  <testcase classname="test.TestMain" name="testHolidayPackages" time="1.694"/>
</testsuite> <!-- Default test -->
