<?xml version="1.0" encoding="UTF-8"?>
<!-- Generated by org.testng.reporters.JUnitXMLReporter -->
<testsuite ignored="0" hostname="LTIN717796" failures="0" tests="3" name="Default test" time="36.239" errors="0" timestamp="2026-04-13T16:29:56 IST">
  <testcase classname="test.TestMain" name="testNavigation" time="14.594"/>
  <testcase classname="test.TestMain" name="testBanner" time="1.302"/>
  <testcase classname="test.TestMain" name="testHolidayPackages" time="1.602"/>
</testsuite> <!-- Default test -->
