<?xml version="1.0" encoding="UTF-8"?>
<testng-results ignored="0" total="3" passed="3" failed="0" skipped="0">
  <reporter-output>
  </reporter-output>
  <suite started-at="2026-04-21T14:14:13 IST" name="Default suite" finished-at="2026-04-21T14:14:58 IST" duration-ms="44817">
    <groups>
    </groups>
    <test started-at="2026-04-21T14:14:13 IST" name="Default test" finished-at="2026-04-21T14:14:58 IST" duration-ms="44817">
      <class name="test.TestMain">
        <test-method is-config="true" signature="setUp()[pri:0, instance:test.TestMain@1f2586d6]" started-at="2026-04-21T14:14:13 IST" name="setUp" finished-at="2026-04-21T14:14:24 IST" duration-ms="10302" status="PASS">
          <reporter-output>
          </reporter-output>
        </test-method> <!-- setUp -->
        <test-method signature="testNavigation()[pri:1, instance:test.TestMain@1f2586d6]" started-at="2026-04-21T14:14:24 IST" name="testNavigation" finished-at="2026-04-21T14:14:42 IST" duration-ms="18229" status="PASS">
          <reporter-output>
          </reporter-output>
        </test-method> <!-- testNavigation -->
        <test-method signature="testBanner()[pri:2, instance:test.TestMain@1f2586d6]" started-at="2026-04-21T14:14:42 IST" name="testBanner" finished-at="2026-04-21T14:14:43 IST" duration-ms="1292" status="PASS">
          <reporter-output>
          </reporter-output>
        </test-method> <!-- testBanner -->
        <test-method signature="testHolidayPackages()[pri:3, instance:test.TestMain@1f2586d6]" started-at="2026-04-21T14:14:43 IST" name="testHolidayPackages" finished-at="2026-04-21T14:14:45 IST" duration-ms="1694" status="PASS">
          <reporter-output>
          </reporter-output>
        </test-method> <!-- testHolidayPackages -->
        <test-method is-config="true" signature="tearDown()[pri:0, instance:test.TestMain@1f2586d6]" started-at="2026-04-21T14:14:45 IST" name="tearDown" finished-at="2026-04-21T14:14:58 IST" duration-ms="13129" status="PASS">
          <reporter-output>
          </reporter-output>
        </test-method> <!-- tearDown -->
      </class> <!-- test.TestMain -->
    </test> <!-- Default test -->
  </suite> <!-- Default suite -->
</testng-results>
