<?xml version="1.0" encoding="UTF-8"?>
<!-- Generated by org.testng.reporters.JUnitReportReporter -->
<testsuite hostname="LTIN717796" failures="0" tests="3" name="test.TestMain" time="21.215" errors="0" timestamp="2026-04-21T14:14:59 IST" skipped="0">
  <testcase classname="test.TestMain" name="testNavigation" time="18.229"/>
  <testcase classname="test.TestMain" name="testBanner" time="1.292"/>
  <testcase classname="test.TestMain" name="testHolidayPackages" time="1.694"/>
</testsuite> <!-- test.TestMain -->
