<?xml version="1.0" encoding="UTF-8"?>
<!-- Generated by org.testng.reporters.JUnitReportReporter -->
<testsuite hostname="LTIN717796" failures="0" tests="3" name="test.TestMain" time="17.498" errors="0" timestamp="2026-04-13T16:29:56 IST" skipped="0">
  <testcase classname="test.TestMain" name="testNavigation" time="14.594"/>
  <testcase classname="test.TestMain" name="testBanner" time="1.302"/>
  <testcase classname="test.TestMain" name="testHolidayPackages" time="1.602"/>
</testsuite> <!-- test.TestMain -->
